<?xml version="1.0" encoding="UTF-8"?>
<!-- Generated by org.testng.reporters.JUnitXMLReporter -->
<testsuite hostname="Yogiiiii" ignored="8" name="Default test" tests="1" failures="0" timestamp="14 Oct 2018 04:51:32 GMT" time="93.741" errors="0">
  <testcase name="vmobilelink" time="20.056" classname="in.Reddiffmail.Test.HomePageTest"/>
  <testcase name="verifywomeneslifestyle" time="0.0" classname="in.Reddiffmail.Test.HomePageTest">
    <ignored/>
  </testcase> <!-- verifywomeneslifestyle -->
  <testcase name="verifyhomeanddecore" time="0.0" classname="in.Reddiffmail.Test.HomePageTest">
    <ignored/>
  </testcase> <!-- verifyhomeanddecore -->
  <testcase name="verifypersonalcare" time="0.0" classname="in.Reddiffmail.Test.HomePageTest">
    <ignored/>
  </testcase> <!-- verifypersonalcare -->
  <testcase name="verifyelectronics" time="0.0" classname="in.Reddiffmail.Test.HomePageTest">
    <ignored/>
  </testcase> <!-- verifyelectronics -->
  <testcase name="verifymeslifestyle" time="0.0" classname="in.Reddiffmail.Test.HomePageTest">
    <ignored/>
  </testcase> <!-- verifymeslifestyle -->
  <testcase name="logo" time="0.0" classname="in.Reddiffmail.Test.HomePageTest">
    <ignored/>
  </testcase> <!-- logo -->
  <testcase name="verifywateches" time="0.0" classname="in.Reddiffmail.Test.HomePageTest">
    <ignored/>
  </testcase> <!-- verifywateches -->
  <testcase name="validatelogin" time="0.0" classname="in.Reddiffmail.Test.HomePageTest">
    <ignored/>
  </testcase> <!-- validatelogin -->
</testsuite> <!-- Default test -->
