<?xml version="1.0" encoding="UTF-8"?>
<!-- Generated by org.testng.reporters.JUnitXMLReporter -->
<testsuite hostname="Yogiiiii" ignored="2" name="Default test" tests="1" failures="0" timestamp="04 Oct 2018 10:41:40 GMT" time="142.449" errors="0">
  <testcase name="verifyTitle" time="0.353" classname="in.Reddiffmail.Test.MobilePageTest"/>
  <testcase name="validatelogo" time="0.0" classname="in.Reddiffmail.Test.MobilePageTest">
    <ignored/>
  </testcase> <!-- validatelogo -->
  <testcase name="verifyUrl" time="0.0" classname="in.Reddiffmail.Test.MobilePageTest">
    <ignored/>
  </testcase> <!-- verifyUrl -->
</testsuite> <!-- Default test -->
