<?xml version="1.0" encoding="UTF-8"?>
<!-- Generated by org.testng.reporters.JUnitXMLReporter -->
<testsuite hostname="Yogiiiii" ignored="0" name="Test" tests="12" failures="0" timestamp="24 Oct 2018 08:22:55 GMT" time="384.548" errors="0">
  <testcase name="validatelogo" time="0.725" classname="in.Reddiffmail.Test.MobilePageTest"/>
  <testcase name="logo" time="0.394" classname="in.Reddiffmail.Test.HomePageTest"/>
  <testcase name="verifyUrl" time="0.071" classname="in.Reddiffmail.Test.MobilePageTest"/>
  <testcase name="vmobilelink" time="9.169" classname="in.Reddiffmail.Test.HomePageTest"/>
  <testcase name="verifyTitle" time="0.143" classname="in.Reddiffmail.Test.MobilePageTest"/>
  <testcase name="validatelogin" time="3.078" classname="in.Reddiffmail.Test.HomePageTest"/>
  <testcase name="verifymeslifestyle" time="10.132" classname="in.Reddiffmail.Test.HomePageTest"/>
  <testcase name="verifywomeneslifestyle" time="13.134" classname="in.Reddiffmail.Test.HomePageTest"/>
  <testcase name="verifyelectronics" time="7.669" classname="in.Reddiffmail.Test.HomePageTest"/>
  <testcase name="verifywateches" time="9.247" classname="in.Reddiffmail.Test.HomePageTest"/>
  <testcase name="verifyhomeanddecore" time="8.203" classname="in.Reddiffmail.Test.HomePageTest"/>
  <testcase name="verifypersonalcare" time="10.135" classname="in.Reddiffmail.Test.HomePageTest"/>
</testsuite> <!-- Test -->
