<?xml version="1.0" encoding="UTF-8"?>
<!-- Generated by org.testng.reporters.JUnitXMLReporter -->
<testsuite hostname="Yogiiiii" ignored="0" name="Test" tests="13" failures="0" timestamp="23 Oct 2018 06:17:47 GMT" time="461.047" errors="0">
  <testcase name="validatelogo" time="0.435" classname="in.Reddiffmail.Test.MobilePageTest"/>
  <testcase name="loginrediff" time="2.069" classname="in.Reddiffmail.Test.LoginTest"/>
  <testcase name="logo" time="0.444" classname="in.Reddiffmail.Test.HomePageTest"/>
  <testcase name="verifyUrl" time="0.046" classname="in.Reddiffmail.Test.MobilePageTest"/>
  <testcase name="vmobilelink" time="10.371" classname="in.Reddiffmail.Test.HomePageTest"/>
  <testcase name="verifyTitle" time="0.091" classname="in.Reddiffmail.Test.MobilePageTest"/>
  <testcase name="validatelogin" time="2.917" classname="in.Reddiffmail.Test.HomePageTest"/>
  <testcase name="verifymeslifestyle" time="8.577" classname="in.Reddiffmail.Test.HomePageTest"/>
  <testcase name="verifywomeneslifestyle" time="10.402" classname="in.Reddiffmail.Test.HomePageTest"/>
  <testcase name="verifyelectronics" time="7.946" classname="in.Reddiffmail.Test.HomePageTest"/>
  <testcase name="verifywateches" time="6.893" classname="in.Reddiffmail.Test.HomePageTest"/>
  <testcase name="verifyhomeanddecore" time="8.808" classname="in.Reddiffmail.Test.HomePageTest"/>
  <testcase name="verifypersonalcare" time="7.359" classname="in.Reddiffmail.Test.HomePageTest"/>
</testsuite> <!-- Test -->
