<?xml version="1.0" encoding="UTF-8"?>
<testng-results skipped="0" failed="0" ignored="0" total="12" passed="12">
  <reporter-output>
  </reporter-output>
  <suite name="Suite" duration-ms="615509" started-at="2018-10-24T08:38:25Z" finished-at="2018-10-24T08:48:40Z">
    <groups>
    </groups>
    <test name="Test" duration-ms="615509" started-at="2018-10-24T08:38:25Z" finished-at="2018-10-24T08:48:40Z">
      <class name="in.Reddiffmail.Test.HomePageTest">
        <test-method status="PASS" signature="start()[pri:0, instance:in.Reddiffmail.Test.HomePageTest@5442a311]" name="start" is-config="true" duration-ms="41075" started-at="2018-10-24T08:42:01Z" finished-at="2018-10-24T08:42:42Z">
          <reporter-output>
          </reporter-output>
        </test-method> <!-- start -->
        <test-method status="PASS" signature="logo()[pri:0, instance:in.Reddiffmail.Test.HomePageTest@5442a311]" name="logo" duration-ms="163" started-at="2018-10-24T08:42:42Z" finished-at="2018-10-24T08:42:42Z">
          <reporter-output>
          </reporter-output>
        </test-method> <!-- logo -->
        <test-method status="PASS" signature="End()[pri:0, instance:in.Reddiffmail.Test.HomePageTest@5442a311]" name="End" is-config="true" duration-ms="1634" started-at="2018-10-24T08:42:42Z" finished-at="2018-10-24T08:42:43Z">
          <reporter-output>
          </reporter-output>
        </test-method> <!-- End -->
        <test-method status="PASS" signature="start()[pri:0, instance:in.Reddiffmail.Test.HomePageTest@5442a311]" name="start" is-config="true" duration-ms="42586" started-at="2018-10-24T08:42:43Z" finished-at="2018-10-24T08:43:26Z">
          <reporter-output>
          </reporter-output>
        </test-method> <!-- start -->
        <test-method status="PASS" signature="validatelogin()[pri:0, instance:in.Reddiffmail.Test.HomePageTest@5442a311]" name="validatelogin" duration-ms="2559" started-at="2018-10-24T08:43:26Z" finished-at="2018-10-24T08:43:29Z">
          <reporter-output>
          </reporter-output>
        </test-method> <!-- validatelogin -->
        <test-method status="PASS" signature="End()[pri:0, instance:in.Reddiffmail.Test.HomePageTest@5442a311]" name="End" is-config="true" duration-ms="1504" started-at="2018-10-24T08:43:29Z" finished-at="2018-10-24T08:43:30Z">
          <reporter-output>
          </reporter-output>
        </test-method> <!-- End -->
        <test-method status="PASS" signature="start()[pri:0, instance:in.Reddiffmail.Test.HomePageTest@5442a311]" name="start" is-config="true" duration-ms="41765" started-at="2018-10-24T08:43:30Z" finished-at="2018-10-24T08:44:12Z">
          <reporter-output>
          </reporter-output>
        </test-method> <!-- start -->
        <test-method status="PASS" signature="verifyelectronics()[pri:0, instance:in.Reddiffmail.Test.HomePageTest@5442a311]" name="verifyelectronics" duration-ms="8692" started-at="2018-10-24T08:44:12Z" finished-at="2018-10-24T08:44:21Z">
          <reporter-output>
          </reporter-output>
        </test-method> <!-- verifyelectronics -->
        <test-method status="PASS" signature="End()[pri:0, instance:in.Reddiffmail.Test.HomePageTest@5442a311]" name="End" is-config="true" duration-ms="1560" started-at="2018-10-24T08:44:21Z" finished-at="2018-10-24T08:44:22Z">
          <reporter-output>
          </reporter-output>
        </test-method> <!-- End -->
        <test-method status="PASS" signature="start()[pri:0, instance:in.Reddiffmail.Test.HomePageTest@5442a311]" name="start" is-config="true" duration-ms="40001" started-at="2018-10-24T08:44:22Z" finished-at="2018-10-24T08:45:02Z">
          <reporter-output>
          </reporter-output>
        </test-method> <!-- start -->
        <test-method status="PASS" signature="verifyhomeanddecore()[pri:0, instance:in.Reddiffmail.Test.HomePageTest@5442a311]" name="verifyhomeanddecore" duration-ms="8708" started-at="2018-10-24T08:45:02Z" finished-at="2018-10-24T08:45:11Z">
          <reporter-output>
          </reporter-output>
        </test-method> <!-- verifyhomeanddecore -->
        <test-method status="PASS" signature="End()[pri:0, instance:in.Reddiffmail.Test.HomePageTest@5442a311]" name="End" is-config="true" duration-ms="1473" started-at="2018-10-24T08:45:11Z" finished-at="2018-10-24T08:45:12Z">
          <reporter-output>
          </reporter-output>
        </test-method> <!-- End -->
        <test-method status="PASS" signature="start()[pri:0, instance:in.Reddiffmail.Test.HomePageTest@5442a311]" name="start" is-config="true" duration-ms="23965" started-at="2018-10-24T08:45:12Z" finished-at="2018-10-24T08:45:36Z">
          <reporter-output>
          </reporter-output>
        </test-method> <!-- start -->
        <test-method status="PASS" signature="verifymeslifestyle()[pri:0, instance:in.Reddiffmail.Test.HomePageTest@5442a311]" name="verifymeslifestyle" duration-ms="8637" started-at="2018-10-24T08:45:36Z" finished-at="2018-10-24T08:45:45Z">
          <reporter-output>
          </reporter-output>
        </test-method> <!-- verifymeslifestyle -->
        <test-method status="PASS" signature="End()[pri:0, instance:in.Reddiffmail.Test.HomePageTest@5442a311]" name="End" is-config="true" duration-ms="1443" started-at="2018-10-24T08:45:45Z" finished-at="2018-10-24T08:45:46Z">
          <reporter-output>
          </reporter-output>
        </test-method> <!-- End -->
        <test-method status="PASS" signature="start()[pri:0, instance:in.Reddiffmail.Test.HomePageTest@5442a311]" name="start" is-config="true" duration-ms="23269" started-at="2018-10-24T08:45:46Z" finished-at="2018-10-24T08:46:10Z">
          <reporter-output>
          </reporter-output>
        </test-method> <!-- start -->
        <test-method status="PASS" signature="verifypersonalcare()[pri:0, instance:in.Reddiffmail.Test.HomePageTest@5442a311]" name="verifypersonalcare" duration-ms="9921" started-at="2018-10-24T08:46:10Z" finished-at="2018-10-24T08:46:20Z">
          <reporter-output>
          </reporter-output>
        </test-method> <!-- verifypersonalcare -->
        <test-method status="PASS" signature="End()[pri:0, instance:in.Reddiffmail.Test.HomePageTest@5442a311]" name="End" is-config="true" duration-ms="1586" started-at="2018-10-24T08:46:20Z" finished-at="2018-10-24T08:46:21Z">
          <reporter-output>
          </reporter-output>
        </test-method> <!-- End -->
        <test-method status="PASS" signature="start()[pri:0, instance:in.Reddiffmail.Test.HomePageTest@5442a311]" name="start" is-config="true" duration-ms="36163" started-at="2018-10-24T08:46:21Z" finished-at="2018-10-24T08:46:57Z">
          <reporter-output>
          </reporter-output>
        </test-method> <!-- start -->
        <test-method status="PASS" signature="verifywateches()[pri:0, instance:in.Reddiffmail.Test.HomePageTest@5442a311]" name="verifywateches" duration-ms="15277" started-at="2018-10-24T08:46:57Z" finished-at="2018-10-24T08:47:13Z">
          <reporter-output>
          </reporter-output>
        </test-method> <!-- verifywateches -->
        <test-method status="PASS" signature="End()[pri:0, instance:in.Reddiffmail.Test.HomePageTest@5442a311]" name="End" is-config="true" duration-ms="1482" started-at="2018-10-24T08:47:13Z" finished-at="2018-10-24T08:47:14Z">
          <reporter-output>
          </reporter-output>
        </test-method> <!-- End -->
        <test-method status="PASS" signature="start()[pri:0, instance:in.Reddiffmail.Test.HomePageTest@5442a311]" name="start" is-config="true" duration-ms="34925" started-at="2018-10-24T08:47:14Z" finished-at="2018-10-24T08:47:49Z">
          <reporter-output>
          </reporter-output>
        </test-method> <!-- start -->
        <test-method status="PASS" signature="verifywomeneslifestyle()[pri:0, instance:in.Reddiffmail.Test.HomePageTest@5442a311]" name="verifywomeneslifestyle" duration-ms="10286" started-at="2018-10-24T08:47:49Z" finished-at="2018-10-24T08:47:59Z">
          <reporter-output>
          </reporter-output>
        </test-method> <!-- verifywomeneslifestyle -->
        <test-method status="PASS" signature="End()[pri:0, instance:in.Reddiffmail.Test.HomePageTest@5442a311]" name="End" is-config="true" duration-ms="1810" started-at="2018-10-24T08:47:59Z" finished-at="2018-10-24T08:48:01Z">
          <reporter-output>
          </reporter-output>
        </test-method> <!-- End -->
        <test-method status="PASS" signature="start()[pri:0, instance:in.Reddiffmail.Test.HomePageTest@5442a311]" name="start" is-config="true" duration-ms="25366" started-at="2018-10-24T08:48:01Z" finished-at="2018-10-24T08:48:27Z">
          <reporter-output>
          </reporter-output>
        </test-method> <!-- start -->
        <test-method status="PASS" signature="vmobilelink()[pri:0, instance:in.Reddiffmail.Test.HomePageTest@5442a311]" name="vmobilelink" duration-ms="12143" started-at="2018-10-24T08:48:27Z" finished-at="2018-10-24T08:48:39Z">
          <reporter-output>
          </reporter-output>
        </test-method> <!-- vmobilelink -->
        <test-method status="PASS" signature="End()[pri:0, instance:in.Reddiffmail.Test.HomePageTest@5442a311]" name="End" is-config="true" duration-ms="1650" started-at="2018-10-24T08:48:39Z" finished-at="2018-10-24T08:48:40Z">
          <reporter-output>
          </reporter-output>
        </test-method> <!-- End -->
      </class> <!-- in.Reddiffmail.Test.HomePageTest -->
      <class name="in.Reddiffmail.Test.MobilePageTest">
        <test-method status="PASS" signature="Start()[pri:0, instance:in.Reddiffmail.Test.MobilePageTest@53b32d7]" name="Start" is-config="true" duration-ms="86646" started-at="2018-10-24T08:38:25Z" finished-at="2018-10-24T08:39:52Z">
          <reporter-output>
          </reporter-output>
        </test-method> <!-- Start -->
        <test-method status="PASS" signature="validatelogo()[pri:0, instance:in.Reddiffmail.Test.MobilePageTest@53b32d7]" name="validatelogo" duration-ms="496" started-at="2018-10-24T08:39:52Z" finished-at="2018-10-24T08:39:52Z">
          <reporter-output>
          </reporter-output>
        </test-method> <!-- validatelogo -->
        <test-method status="PASS" signature="close()[pri:0, instance:in.Reddiffmail.Test.MobilePageTest@53b32d7]" name="close" is-config="true" duration-ms="1741" started-at="2018-10-24T08:39:52Z" finished-at="2018-10-24T08:39:54Z">
          <reporter-output>
          </reporter-output>
        </test-method> <!-- close -->
        <test-method status="PASS" signature="Start()[pri:0, instance:in.Reddiffmail.Test.MobilePageTest@53b32d7]" name="Start" is-config="true" duration-ms="71718" started-at="2018-10-24T08:39:54Z" finished-at="2018-10-24T08:41:06Z">
          <reporter-output>
          </reporter-output>
        </test-method> <!-- Start -->
        <test-method status="PASS" signature="verifyTitle()[pri:0, instance:in.Reddiffmail.Test.MobilePageTest@53b32d7]" name="verifyTitle" duration-ms="182" started-at="2018-10-24T08:41:06Z" finished-at="2018-10-24T08:41:06Z">
          <reporter-output>
          </reporter-output>
        </test-method> <!-- verifyTitle -->
        <test-method status="PASS" signature="close()[pri:0, instance:in.Reddiffmail.Test.MobilePageTest@53b32d7]" name="close" is-config="true" duration-ms="1554" started-at="2018-10-24T08:41:06Z" finished-at="2018-10-24T08:41:07Z">
          <reporter-output>
          </reporter-output>
        </test-method> <!-- close -->
        <test-method status="PASS" signature="Start()[pri:0, instance:in.Reddiffmail.Test.MobilePageTest@53b32d7]" name="Start" is-config="true" duration-ms="50208" started-at="2018-10-24T08:41:07Z" finished-at="2018-10-24T08:41:58Z">
          <reporter-output>
          </reporter-output>
        </test-method> <!-- Start -->
        <test-method status="PASS" signature="verifyUrl()[pri:0, instance:in.Reddiffmail.Test.MobilePageTest@53b32d7]" name="verifyUrl" duration-ms="475" started-at="2018-10-24T08:41:58Z" finished-at="2018-10-24T08:41:58Z">
          <reporter-output>
          </reporter-output>
        </test-method> <!-- verifyUrl -->
        <test-method status="PASS" signature="close()[pri:0, instance:in.Reddiffmail.Test.MobilePageTest@53b32d7]" name="close" is-config="true" duration-ms="2625" started-at="2018-10-24T08:41:58Z" finished-at="2018-10-24T08:42:01Z">
          <reporter-output>
          </reporter-output>
        </test-method> <!-- close -->
      </class> <!-- in.Reddiffmail.Test.MobilePageTest -->
    </test> <!-- Test -->
  </suite> <!-- Suite -->
</testng-results>
