<?xml version="1.0" encoding="UTF-8"?>
<!-- Generated by org.testng.reporters.JUnitXMLReporter -->
<testsuite hostname="Yogiiiii" ignored="0" name="RediffMail Application Test" tests="5" failures="0" timestamp="27 Sep 2018 07:30:16 GMT" time="285.67" errors="0">
  <testcase name="logo" time="0.303" classname="in.Reddiffmail.Test.HomePageTest"/>
  <testcase name="loginrediff" time="5.083" classname="in.Reddiffmail.Test.LoginTest"/>
  <testcase name="vmobilelink" time="12.903" classname="in.Reddiffmail.Test.HomePageTest"/>
  <testcase name="verifyUrl" time="0.481" classname="in.Reddiffmail.Test.MobilePageTest"/>
  <testcase name="validatelogin" time="10.134" classname="in.Reddiffmail.Test.HomePageTest"/>
</testsuite> <!-- RediffMail Application Test -->
