<?xml version="1.0" encoding="UTF-8"?>
<!-- Generated by org.testng.reporters.JUnitXMLReporter -->
<testsuite hostname="Yogiiiii" ignored="0" name="RediffMail Application Test" tests="3" failures="0" timestamp="15 Oct 2018 06:50:05 GMT" time="167.726" errors="0">
  <testcase name="logo" time="0.226" classname="in.Reddiffmail.Test.HomePageTest"/>
  <testcase name="loginrediff" time="2.192" classname="in.Reddiffmail.Test.LoginTest"/>
  <testcase name="validatelogo" time="0.583" classname="in.Reddiffmail.Test.MobilePageTest"/>
</testsuite> <!-- RediffMail Application Test -->
