<?xml version="1.0" encoding="UTF-8"?>
<!-- Generated by org.testng.reporters.JUnitXMLReporter -->
<testsuite hostname="Yogiiiii" ignored="0" name="Rediffmail Application Testing" tests="9" failures="0" timestamp="17 Oct 2018 06:41:03 GMT" time="420.817" errors="0">
  <testcase name="logo" time="0.471" classname="in.Reddiffmail.Test.HomePageTest"/>
  <testcase name="vmobilelink" time="12.345" classname="in.Reddiffmail.Test.HomePageTest"/>
  <testcase name="validatelogin" time="4.747" classname="in.Reddiffmail.Test.HomePageTest"/>
  <testcase name="verifymeslifestyle" time="14.163" classname="in.Reddiffmail.Test.HomePageTest"/>
  <testcase name="verifywomeneslifestyle" time="15.207" classname="in.Reddiffmail.Test.HomePageTest"/>
  <testcase name="verifyelectronics" time="9.776" classname="in.Reddiffmail.Test.HomePageTest"/>
  <testcase name="verifywateches" time="9.617" classname="in.Reddiffmail.Test.HomePageTest"/>
  <testcase name="verifyhomeanddecore" time="18.074" classname="in.Reddiffmail.Test.HomePageTest"/>
  <testcase name="verifypersonalcare" time="10.614" classname="in.Reddiffmail.Test.HomePageTest"/>
</testsuite> <!-- Rediffmail Application Testing -->
