<?xml version="1.0" encoding="UTF-8"?>
<!-- Generated by org.testng.reporters.JUnitXMLReporter -->
<testsuite hostname="Yogiiiii" ignored="0" name="Rediffmail Application Testing" tests="12" failures="0" timestamp="23 Oct 2018 08:01:23 GMT" time="721.601" errors="0">
  <testcase name="validatelogo" time="0.285" classname="in.Reddiffmail.Test.MobilePageTest"/>
  <testcase name="logo" time="0.55" classname="in.Reddiffmail.Test.HomePageTest"/>
  <testcase name="verifyUrl" time="0.123" classname="in.Reddiffmail.Test.MobilePageTest"/>
  <testcase name="vmobilelink" time="15.036" classname="in.Reddiffmail.Test.HomePageTest"/>
  <testcase name="verifyTitle" time="0.107" classname="in.Reddiffmail.Test.MobilePageTest"/>
  <testcase name="validatelogin" time="2.72" classname="in.Reddiffmail.Test.HomePageTest"/>
  <testcase name="verifymeslifestyle" time="8.831" classname="in.Reddiffmail.Test.HomePageTest"/>
  <testcase name="verifywomeneslifestyle" time="10.875" classname="in.Reddiffmail.Test.HomePageTest"/>
  <testcase name="verifyelectronics" time="9.773" classname="in.Reddiffmail.Test.HomePageTest"/>
  <testcase name="verifywateches" time="9.185" classname="in.Reddiffmail.Test.HomePageTest"/>
  <testcase name="verifyhomeanddecore" time="10.642" classname="in.Reddiffmail.Test.HomePageTest"/>
  <testcase name="verifypersonalcare" time="12.582" classname="in.Reddiffmail.Test.HomePageTest"/>
</testsuite> <!-- Rediffmail Application Testing -->
